Arguments: 
  C:\Program Files\nodejs\node.exe C:\Users\61635\AppData\Roaming\npm\node_modules\yarn\bin\yarn.js init

PATH: 
  C:\ProgramData\Oracle\Java\javapath;C:\WINDOWS\system32;C:\WINDOWS;C:\WINDOWS\System32\Wbem;C:\WINDOWS\System32\WindowsPowerShell\v1.0\;C:\WINDOWS\system32\config\systemprofile\.dnx\bin;C:\Program Files\Microsoft DNX\Dnvm\;C:\Program Files\Microsoft SQL Server\130\Tools\Binn\;C:\Program Files\Java\jdk1.8.0_151\bin;C:\Program Files (x86)\Microsoft SQL Server\Client SDK\ODBC\130\Tools\Binn\;C:\Program Files (x86)\Microsoft SQL Server\130\Tools\Binn\;C:\Program Files (x86)\Microsoft SQL Server\130\DTS\Binn\;C:\Program Files (x86)\Microsoft SQL Server\130\Tools\Binn\ManagementStudio\;C:\Program Files (x86)\VisualSVN\bin;D:\Java\apache-maven-3.5.2\bin;C:\Program Files\Git\cmd;C:\Program Files\Git\bin;C:\WINDOWS\System32\OpenSSH\;D:\SVN\bin;C:\Program Files\nodejs\;C:\Program Files\Redis\;%MYSQL_HOME%\bin;D:\python-3.7.2;C:\Program Files\MongoDB\Server\4.0\bin;D:\python372\Scripts\;D:\python372\;C:\Users\61635\AppData\Local\Microsoft\WindowsApps;C:\Users\61635\AppData\Roaming\npm;;C:\Users\61635\AppData\Local\Programs\Microsoft VS Code\bin

Yarn version: 
  1.16.0

Node version: 
  8.11.4

Platform: 
  win32 x64

Trace: 
  Error: canceled
      at Interface.<anonymous> (C:\Users\61635\AppData\Roaming\npm\node_modules\yarn\lib\cli.js:125850:13)
      at emitNone (events.js:106:13)
      at Interface.emit (events.js:208:7)
      at Interface._ttyWrite (readline.js:774:16)
      at ReadStream.onkeypress (readline.js:158:10)
      at emitTwo (events.js:126:13)
      at ReadStream.emit (events.js:214:7)
      at emitKeys (internal/readline.js:420:14)
      at emitKeys.next (<anonymous>)
      at ReadStream.onData (readline.js:1010:36)

npm manifest: 
  No manifest

yarn manifest: 
  No manifest

Lockfile: 
  No lockfile
